2025-09-05 07:39:03 - BrowserControl - INFO - ✅ browser_control.log文件已清空
2025-09-05 07:39:03 - BrowserControl - INFO - 🗑️ 主目录cache文件夹已清理
2025-09-05 07:39:03 - BrowserControl - INFO - 比特浏览器管理程序正常退出
2025-09-05 07:39:03 - BrowserControl - INFO - 开始执行程序清理...
2025-09-05 07:39:03 - BrowserControl - INFO - 程序清理完成
2025-09-05 07:39:05 - BrowserControl - INFO - 比特浏览器管理程序启动
2025-09-05 07:39:05 - BrowserControl - INFO - 窗口已居中显示: 屏幕(2560x1440) -> 窗口(898x709) -> 位置(831,365)
2025-09-05 07:39:06 - BrowserControl - INFO - 比特浏览器管理界面初始化完成
2025-09-05 07:39:06 - BrowserControl - INFO - 已加载保存的API Token
2025-09-05 07:39:06 - BrowserControl - INFO - ✅ 从文件加载过滤关键词: 87966 个
2025-09-05 07:39:06 - BrowserControl - INFO - 已加载保存的解析设置
2025-09-05 07:39:07 - BrowserControl - INFO - 配置数据已同步到UI界面
2025-09-05 07:39:07 - BrowserControl - INFO - 正在连接比特浏览器API...
2025-09-05 07:39:07 - BrowserControl - INFO - 获取浏览器列表成功: 1 个
2025-09-05 07:39:08 - BrowserControl - INFO - ✅ API连接成功，Token验证通过
2025-09-05 07:39:08 - BrowserControl - INFO - 正在刷新浏览器列表...
2025-09-05 07:39:08 - BrowserControl - INFO - 获取浏览器列表成功: 5 个
2025-09-05 07:39:08 - BrowserControl - INFO - ✅ 刷新完成，共 5 个实例
2025-09-05 07:39:15 - BrowserControl - INFO - 🚀 开始解析 - 自动生成脚本并启动采集...
2025-09-05 07:39:15 - BrowserControl - INFO - 🛑 第一步：检查并停止手动解析模式...
2025-09-05 07:39:15 - BrowserControl - INFO - 🛑 正在停止所有浏览器的手动解析模式...
2025-09-05 07:39:16 - BrowserControl - INFO - 获取浏览器列表成功: 5 个
2025-09-05 07:39:16 - BrowserControl - INFO - 📊 API返回浏览器数量: 5
2025-09-05 07:39:16 - BrowserControl - INFO -    • 23123: 未运行
2025-09-05 07:39:16 - BrowserControl - INFO -    • 18280804409: 运行中
2025-09-05 07:39:16 - BrowserControl - INFO -    • 5: 未运行
2025-09-05 07:39:16 - BrowserControl - INFO -    • 3: 未运行
2025-09-05 07:39:16 - BrowserControl - INFO -    • 4: 运行中
2025-09-05 07:39:16 - BrowserControl - INFO - 🔍 运行状态检测结果:
2025-09-05 07:39:16 - BrowserControl - INFO -    status=1 (运行中): 2 个
2025-09-05 07:39:16 - BrowserControl - INFO -    ✅ 18280804409 (ID: bf661e1dc3...)
2025-09-05 07:39:16 - BrowserControl - INFO -    ✅ 4 (ID: d1d0c6c105...)
2025-09-05 07:39:16 - BrowserControl - INFO - ✅ 检测到 2 个运行中的浏览器
2025-09-05 07:39:16 - BrowserControl - INFO - 📝 步骤1: 自动生成采集脚本...
2025-09-05 07:39:16 - BrowserControl - INFO - 📋 为 2 个浏览器生成脚本...
2025-09-05 07:39:16 - BrowserControl - INFO - 获取浏览器列表成功: 5 个
2025-09-05 07:39:16 - BrowserControl - INFO - 打开浏览器成功: bf661e1dc38d4fb0bb81dd468eb1ec32, 调试端口: 127.0.0.1:45841
2025-09-05 07:39:17 - BrowserControl - INFO - 获取浏览器列表成功: 5 个
2025-09-05 07:39:17 - BrowserControl - INFO - 打开浏览器成功: d1d0c6c1053e424197a884739ebd0163, 调试端口: 127.0.0.1:45851
2025-09-05 07:39:17 - BrowserControl - INFO - ✅ 脚本生成完成
2025-09-05 07:39:17 - BrowserControl - INFO - 📊 步骤2: 获取生成的脚本信息...
2025-09-05 07:39:17 - BrowserControl - INFO - 📋 启动策略: 第1个立即启动，后续每隔6秒启动
2025-09-05 07:39:17 - BrowserControl - INFO - ✅ 启动浏览器 b1ec32: 8个关键词 (PID:8796)
2025-09-05 07:39:17 - BrowserControl - INFO - 📋 程序日志将显示在控制台窗口中
2025-09-05 07:39:17 - BrowserControl - INFO - ⏰ 等待6秒后启动下一个浏览器...
2025-09-05 07:39:23 - BrowserControl - INFO - ✅ 启动浏览器 bd0163: 7个关键词 (PID:29228)
2025-09-05 07:39:23 - BrowserControl - INFO - 📋 程序日志将显示在控制台窗口中
2025-09-05 07:39:23 - BrowserControl - INFO - 🎉 所有脚本启动完成: 2/2 个
2025-09-05 07:39:23 - BrowserControl - INFO - 📊 所有浏览器已开始并行采集，请查看各浏览器窗口的运行状态
2025-09-05 07:39:23 - BrowserControl - INFO - ✅ 解析已开始
2025-09-05 07:40:07 - BrowserControl - INFO - 🧹 清理无效暂停标志：浏览器 b1ec32 进程已结束
2025-09-05 07:40:39 - BrowserControl - INFO - ⏸️️ 正在暂停所有采集脚本...
2025-09-05 07:40:39 - BrowserControl - INFO - 🔍 正在搜索浏览器 389db4 相关的脚本进程...
2025-09-05 07:40:39 - BrowserControl - INFO - 🔍 搜索完成，找到 0 个相关进程
2025-09-05 07:40:39 - BrowserControl - INFO - 🔍 正在搜索浏览器 b1ec32 相关的脚本进程...
2025-09-05 07:40:39 - BrowserControl - INFO -    ✅ 发现进程 PID 8796: 工作目录匹配
2025-09-05 07:40:39 - BrowserControl - INFO -    ✅ 发现进程 PID 30116: 工作目录匹配
2025-09-05 07:40:39 - BrowserControl - INFO - 🔍 搜索完成，找到 2 个相关进程
2025-09-05 07:40:39 - BrowserControl - INFO - 🔍 正在搜索浏览器 765a60 相关的脚本进程...
2025-09-05 07:40:39 - BrowserControl - INFO - 🔍 搜索完成，找到 0 个相关进程
2025-09-05 07:40:39 - BrowserControl - INFO - 🔍 正在搜索浏览器 b7f787 相关的脚本进程...
2025-09-05 07:40:40 - BrowserControl - INFO - 🔍 搜索完成，找到 0 个相关进程
2025-09-05 07:40:40 - BrowserControl - INFO - 🔍 正在搜索浏览器 bd0163 相关的脚本进程...
2025-09-05 07:40:40 - BrowserControl - INFO -    ✅ 发现进程 PID 516: 工作目录匹配
2025-09-05 07:40:40 - BrowserControl - INFO -    ✅ 发现进程 PID 29228: 工作目录匹配
2025-09-05 07:40:40 - BrowserControl - INFO - 🔍 搜索完成，找到 2 个相关进程
2025-09-05 07:40:40 - BrowserControl - INFO - ✅ 已暂停 4 个进程 (5 个浏览器)
2025-09-05 07:40:40 - BrowserControl - INFO - ✅ 程序已暂停
2025-09-05 07:41:07 - BrowserControl - INFO - 🧹 清理无效暂停标志：浏览器 bd0163 进程已结束
2025-09-05 07:41:07 - BrowserControl - INFO - 🧹 清理无效暂停标志：浏览器 b7f787 进程已结束
2025-09-05 07:41:07 - BrowserControl - INFO - 🧹 清理无效暂停标志：浏览器 765a60 进程已结束
2025-09-05 07:41:07 - BrowserControl - INFO - 🧹 清理无效暂停标志：浏览器 b1ec32 进程已结束
2025-09-05 07:41:07 - BrowserControl - INFO - 🧹 清理无效暂停标志：浏览器 389db4 进程已结束
2025-09-05 07:46:51 - BrowserControl - INFO - 🖱️ 右键点击事件触发
2025-09-05 07:46:51 - BrowserControl - INFO - 识别到项目ID: I001
2025-09-05 07:46:51 - BrowserControl - INFO - 界面显示名称: '4'
2025-09-05 07:46:51 - BrowserControl - INFO - 找到浏览器数据，准备显示菜单
2025-09-05 07:46:51 - BrowserControl - INFO - 📋 开始创建右键菜单
2025-09-05 07:46:51 - BrowserControl - INFO - 📋 菜单创建完成，准备显示在位置: (1391, 879)
2025-09-05 07:46:54 - BrowserControl - INFO - 📋 右键菜单显示成功
2025-09-05 07:46:54 - BrowserControl - INFO - 🔄 正在暂停浏览器 bd0163 的自动化任务...
2025-09-05 07:46:54 - BrowserControl - INFO - 🔍 正在搜索浏览器 bd0163 相关的脚本进程...
2025-09-05 07:46:54 - BrowserControl - INFO -    ✅ 发现进程 PID 516: 工作目录匹配
2025-09-05 07:46:54 - BrowserControl - INFO -    ✅ 发现进程 PID 29228: 工作目录匹配
2025-09-05 07:46:54 - BrowserControl - INFO - 🔍 搜索完成，找到 2 个相关进程
2025-09-05 07:46:54 - BrowserControl - INFO - ✅ 已暂停脚本进程: PID 516
2025-09-05 07:46:54 - BrowserControl - INFO - ✅ 已暂停脚本进程: PID 29228
2025-09-05 07:46:54 - BrowserControl - INFO - ✅ 已暂停 2 个脚本进程
2025-09-05 07:46:54 - BrowserControl - INFO - ✅ 已清理主目录中浏览器 bd0163 的状态记录
2025-09-05 07:46:54 - BrowserControl - INFO - ✅ 浏览器 bd0163 的手动解析已启动
2025-09-05 07:46:54 - BrowserControl - INFO - ✅ 浏览器 bd0163 的手动解析功能已启动
2025-09-05 07:47:08 - BrowserControl - INFO - 🧹 清理无效暂停标志：浏览器 bd0163 进程已结束
2025-09-05 07:49:19 - BrowserControl - INFO - 🖱️ 右键点击事件触发
2025-09-05 07:49:19 - BrowserControl - INFO - 识别到项目ID: I001
2025-09-05 07:49:19 - BrowserControl - INFO - 界面显示名称: '4'
2025-09-05 07:49:19 - BrowserControl - INFO - 找到浏览器数据，准备显示菜单
2025-09-05 07:49:19 - BrowserControl - INFO - 📋 开始创建右键菜单
2025-09-05 07:49:19 - BrowserControl - INFO - 📋 菜单创建完成，准备显示在位置: (1334, 873)
2025-09-05 07:49:22 - BrowserControl - INFO - 📋 右键菜单显示成功
2025-09-05 08:37:14 - BrowserControl - INFO - ▶️️ 正在继续所有采集脚本...
2025-09-05 08:37:14 - BrowserControl - INFO - 🔍 正在搜索浏览器 389db4 相关的脚本进程...
2025-09-05 08:37:14 - BrowserControl - INFO - 🔍 搜索完成，找到 0 个相关进程
2025-09-05 08:37:14 - BrowserControl - INFO - 🔍 正在搜索浏览器 b1ec32 相关的脚本进程...
2025-09-05 08:37:14 - BrowserControl - INFO -    ✅ 发现进程 PID 8796: 工作目录匹配
2025-09-05 08:37:14 - BrowserControl - INFO -    ✅ 发现进程 PID 30116: 工作目录匹配
2025-09-05 08:37:14 - BrowserControl - INFO - 🔍 搜索完成，找到 2 个相关进程
2025-09-05 08:37:14 - BrowserControl - INFO - ✅ 恢复浏览器 b1ec32 进程 PID: 8796
2025-09-05 08:37:14 - BrowserControl - INFO - ✅ 恢复浏览器 b1ec32 进程 PID: 30116
2025-09-05 08:37:14 - BrowserControl - INFO - 🔍 正在搜索浏览器 765a60 相关的脚本进程...
2025-09-05 08:37:14 - BrowserControl - INFO - 🔍 搜索完成，找到 0 个相关进程
2025-09-05 08:37:14 - BrowserControl - INFO - 🔍 正在搜索浏览器 b7f787 相关的脚本进程...
2025-09-05 08:37:14 - BrowserControl - INFO - 🔍 搜索完成，找到 0 个相关进程
2025-09-05 08:37:14 - BrowserControl - INFO - 🔍 正在搜索浏览器 bd0163 相关的脚本进程...
2025-09-05 08:37:14 - BrowserControl - INFO -    ✅ 发现进程 PID 516: 工作目录匹配
2025-09-05 08:37:14 - BrowserControl - INFO -    ✅ 发现进程 PID 29228: 工作目录匹配
2025-09-05 08:37:14 - BrowserControl - INFO - 🔍 搜索完成，找到 2 个相关进程
2025-09-05 08:37:14 - BrowserControl - INFO - ✅ 恢复浏览器 bd0163 进程 PID: 516
2025-09-05 08:37:14 - BrowserControl - INFO - ✅ 恢复浏览器 bd0163 进程 PID: 29228
2025-09-05 08:37:14 - BrowserControl - INFO - ✅ 已继续 4 个进程 (5 个浏览器)
2025-09-05 08:37:14 - BrowserControl - INFO - ✅ 程序已继续
2025-09-05 09:34:33 - BrowserControl - INFO - ⏸️️ 正在暂停所有采集脚本...
2025-09-05 09:34:33 - BrowserControl - INFO - 🔍 正在搜索浏览器 389db4 相关的脚本进程...
2025-09-05 09:34:33 - BrowserControl - INFO - 🔍 搜索完成，找到 0 个相关进程
2025-09-05 09:34:33 - BrowserControl - INFO - 🔍 正在搜索浏览器 b1ec32 相关的脚本进程...
2025-09-05 09:34:33 - BrowserControl - INFO - 🔍 搜索完成，找到 0 个相关进程
2025-09-05 09:34:33 - BrowserControl - INFO - 🔍 正在搜索浏览器 765a60 相关的脚本进程...
2025-09-05 09:34:33 - BrowserControl - INFO - 🔍 搜索完成，找到 0 个相关进程
2025-09-05 09:34:33 - BrowserControl - INFO - 🔍 正在搜索浏览器 b7f787 相关的脚本进程...
2025-09-05 09:34:33 - BrowserControl - INFO - 🔍 搜索完成，找到 0 个相关进程
2025-09-05 09:34:33 - BrowserControl - INFO - 🔍 正在搜索浏览器 bd0163 相关的脚本进程...
2025-09-05 09:34:33 - BrowserControl - INFO -    ✅ 发现进程 PID 516: 工作目录匹配
2025-09-05 09:34:33 - BrowserControl - INFO -    ✅ 发现进程 PID 29228: 工作目录匹配
2025-09-05 09:34:33 - BrowserControl - INFO - 🔍 搜索完成，找到 2 个相关进程
2025-09-05 09:34:33 - BrowserControl - INFO - [INFO] 没有需要暂停的进程
2025-09-05 09:34:36 - BrowserControl - INFO - ⏸️️ 正在暂停所有采集脚本...
2025-09-05 09:34:36 - BrowserControl - INFO - 🔍 正在搜索浏览器 389db4 相关的脚本进程...
2025-09-05 09:34:36 - BrowserControl - INFO - 🔍 搜索完成，找到 0 个相关进程
2025-09-05 09:34:36 - BrowserControl - INFO - 🔍 正在搜索浏览器 b1ec32 相关的脚本进程...
2025-09-05 09:34:36 - BrowserControl - INFO - 🔍 搜索完成，找到 0 个相关进程
2025-09-05 09:34:36 - BrowserControl - INFO - 🔍 正在搜索浏览器 765a60 相关的脚本进程...
2025-09-05 09:34:36 - BrowserControl - INFO - 🔍 搜索完成，找到 0 个相关进程
2025-09-05 09:34:36 - BrowserControl - INFO - 🔍 正在搜索浏览器 b7f787 相关的脚本进程...
2025-09-05 09:34:36 - BrowserControl - INFO - 🔍 搜索完成，找到 0 个相关进程
2025-09-05 09:34:36 - BrowserControl - INFO - 🔍 正在搜索浏览器 bd0163 相关的脚本进程...
2025-09-05 09:34:36 - BrowserControl - INFO -    ✅ 发现进程 PID 516: 工作目录匹配
2025-09-05 09:34:36 - BrowserControl - INFO -    ✅ 发现进程 PID 29228: 工作目录匹配
2025-09-05 09:34:36 - BrowserControl - INFO - 🔍 搜索完成，找到 2 个相关进程
2025-09-05 09:34:36 - BrowserControl - INFO - [INFO] 没有需要暂停的进程
2025-09-05 09:34:37 - BrowserControl - INFO - 🛑 开始停止所有采集脚本...
2025-09-05 09:34:37 - BrowserControl - INFO - 🛑 第一步：停止所有浏览器的手动解析模式...
2025-09-05 09:34:39 - BrowserControl - INFO - 🛑 正在停止脚本进程 PID: 516
2025-09-05 09:34:39 - BrowserControl - INFO - ✅ 已停止脚本进程 PID: 516
2025-09-05 09:34:39 - BrowserControl - INFO - 🛑 正在停止脚本进程 PID: 29228
2025-09-05 09:34:39 - BrowserControl - INFO - ✅ 已停止脚本进程 PID: 29228
2025-09-05 09:34:39 - BrowserControl - INFO - 🎉 成功停止 2 个采集脚本
2025-09-05 09:34:39 - BrowserControl - INFO - 🛑 正在停止所有浏览器的手动解析模式...
2025-09-05 09:34:39 - BrowserControl - INFO - ✅ 解析已停止
2025-09-05 09:34:40 - BrowserControl - INFO - ✅ 浏览器 bd0163 的手动解析已停止
2025-09-05 09:34:40 - BrowserControl - INFO - 🎉 成功停止 1 个浏览器的手动解析
2025-09-05 09:34:41 - BrowserControl - INFO - 🚀 开始解析 - 自动生成脚本并启动采集...
2025-09-05 09:34:41 - BrowserControl - INFO - 🛑 第一步：检查并停止手动解析模式...
2025-09-05 09:34:41 - BrowserControl - INFO - 🛑 正在停止所有浏览器的手动解析模式...
2025-09-05 09:34:42 - BrowserControl - INFO - 获取浏览器列表成功: 5 个
2025-09-05 09:34:42 - BrowserControl - INFO - 📊 API返回浏览器数量: 5
2025-09-05 09:34:42 - BrowserControl - INFO -    • 23123: 未运行
2025-09-05 09:34:42 - BrowserControl - INFO -    • 18280804409: 运行中
2025-09-05 09:34:42 - BrowserControl - INFO -    • 5: 未运行
2025-09-05 09:34:42 - BrowserControl - INFO -    • 3: 未运行
2025-09-05 09:34:42 - BrowserControl - INFO -    • 4: 运行中
2025-09-05 09:34:42 - BrowserControl - INFO - 🔍 运行状态检测结果:
2025-09-05 09:34:42 - BrowserControl - INFO -    status=1 (运行中): 2 个
2025-09-05 09:34:42 - BrowserControl - INFO -    ✅ 18280804409 (ID: bf661e1dc3...)
2025-09-05 09:34:42 - BrowserControl - INFO -    ✅ 4 (ID: d1d0c6c105...)
2025-09-05 09:34:42 - BrowserControl - INFO - ✅ 检测到 2 个运行中的浏览器
2025-09-05 09:34:42 - BrowserControl - INFO - 📝 步骤1: 自动生成采集脚本...
2025-09-05 09:34:42 - BrowserControl - INFO - 📋 为 2 个浏览器生成脚本...
2025-09-05 09:34:42 - BrowserControl - INFO - 获取浏览器列表成功: 5 个
2025-09-05 09:34:42 - BrowserControl - INFO - 打开浏览器成功: bf661e1dc38d4fb0bb81dd468eb1ec32, 调试端口: 127.0.0.1:45841
2025-09-05 09:34:43 - BrowserControl - INFO - 获取浏览器列表成功: 5 个
2025-09-05 09:34:43 - BrowserControl - INFO - 打开浏览器成功: d1d0c6c1053e424197a884739ebd0163, 调试端口: 127.0.0.1:45851
2025-09-05 09:34:43 - BrowserControl - INFO - ✅ 脚本生成完成
2025-09-05 09:34:43 - BrowserControl - INFO - 📊 步骤2: 获取生成的脚本信息...
2025-09-05 09:34:43 - BrowserControl - INFO - 📋 启动策略: 第1个立即启动，后续每隔6秒启动
2025-09-05 09:34:43 - BrowserControl - INFO - ✅ 启动浏览器 b1ec32: 8个关键词 (PID:16276)
2025-09-05 09:34:43 - BrowserControl - INFO - 📋 程序日志将显示在控制台窗口中
2025-09-05 09:34:43 - BrowserControl - INFO - ⏰ 等待6秒后启动下一个浏览器...
2025-09-05 09:34:49 - BrowserControl - INFO - ✅ 启动浏览器 bd0163: 7个关键词 (PID:22124)
2025-09-05 09:34:49 - BrowserControl - INFO - 📋 程序日志将显示在控制台窗口中
2025-09-05 09:34:49 - BrowserControl - INFO - 🎉 所有脚本启动完成: 2/2 个
2025-09-05 09:34:49 - BrowserControl - INFO - 📊 所有浏览器已开始并行采集，请查看各浏览器窗口的运行状态
2025-09-05 09:34:49 - BrowserControl - INFO - ✅ 解析已开始
2025-09-05 09:37:38 - BrowserControl - INFO - ⏸️️ 正在暂停所有采集脚本...
2025-09-05 09:37:38 - BrowserControl - INFO - 🔍 正在搜索浏览器 389db4 相关的脚本进程...
2025-09-05 09:37:38 - BrowserControl - INFO - 🔍 搜索完成，找到 0 个相关进程
2025-09-05 09:37:38 - BrowserControl - INFO - 🔍 正在搜索浏览器 b1ec32 相关的脚本进程...
2025-09-05 09:37:38 - BrowserControl - INFO -    ✅ 发现进程 PID 16276: 工作目录匹配
2025-09-05 09:37:38 - BrowserControl - INFO -    ✅ 发现进程 PID 22744: 工作目录匹配
2025-09-05 09:37:38 - BrowserControl - INFO - 🔍 搜索完成，找到 2 个相关进程
2025-09-05 09:37:38 - BrowserControl - INFO - 🔍 正在搜索浏览器 765a60 相关的脚本进程...
2025-09-05 09:37:38 - BrowserControl - INFO - 🔍 搜索完成，找到 0 个相关进程
2025-09-05 09:37:38 - BrowserControl - INFO - 🔍 正在搜索浏览器 b7f787 相关的脚本进程...
2025-09-05 09:37:39 - BrowserControl - INFO - 🔍 搜索完成，找到 0 个相关进程
2025-09-05 09:37:39 - BrowserControl - INFO - 🔍 正在搜索浏览器 bd0163 相关的脚本进程...
2025-09-05 09:37:39 - BrowserControl - INFO - 🔍 搜索完成，找到 0 个相关进程
2025-09-05 09:37:39 - BrowserControl - INFO - ✅ 已暂停 2 个进程 (5 个浏览器)
2025-09-05 09:37:39 - BrowserControl - INFO - ✅ 程序已暂停
2025-09-05 09:38:09 - BrowserControl - INFO - 🧹 清理无效暂停标志：浏览器 bd0163 进程已结束
2025-09-05 09:38:09 - BrowserControl - INFO - 🧹 清理无效暂停标志：浏览器 b7f787 进程已结束
2025-09-05 09:38:09 - BrowserControl - INFO - 🧹 清理无效暂停标志：浏览器 765a60 进程已结束
2025-09-05 09:38:09 - BrowserControl - INFO - 🧹 清理无效暂停标志：浏览器 b1ec32 进程已结束
2025-09-05 09:38:09 - BrowserControl - INFO - 🧹 清理无效暂停标志：浏览器 389db4 进程已结束
2025-09-05 09:47:30 - BrowserControl - INFO - ▶️️ 正在继续所有采集脚本...
2025-09-05 09:47:30 - BrowserControl - INFO - 🔍 正在搜索浏览器 389db4 相关的脚本进程...
2025-09-05 09:47:30 - BrowserControl - INFO - 🔍 搜索完成，找到 0 个相关进程
2025-09-05 09:47:30 - BrowserControl - INFO - 🔍 正在搜索浏览器 b1ec32 相关的脚本进程...
2025-09-05 09:47:30 - BrowserControl - INFO -    ✅ 发现进程 PID 16276: 工作目录匹配
2025-09-05 09:47:30 - BrowserControl - INFO -    ✅ 发现进程 PID 22744: 工作目录匹配
2025-09-05 09:47:30 - BrowserControl - INFO - 🔍 搜索完成，找到 2 个相关进程
2025-09-05 09:47:30 - BrowserControl - INFO - ✅ 恢复浏览器 b1ec32 进程 PID: 16276
2025-09-05 09:47:30 - BrowserControl - INFO - ✅ 恢复浏览器 b1ec32 进程 PID: 22744
2025-09-05 09:47:30 - BrowserControl - INFO - 🔍 正在搜索浏览器 765a60 相关的脚本进程...
2025-09-05 09:47:30 - BrowserControl - INFO - 🔍 搜索完成，找到 0 个相关进程
2025-09-05 09:47:30 - BrowserControl - INFO - 🔍 正在搜索浏览器 b7f787 相关的脚本进程...
2025-09-05 09:47:30 - BrowserControl - INFO - 🔍 搜索完成，找到 0 个相关进程
2025-09-05 09:47:30 - BrowserControl - INFO - 🔍 正在搜索浏览器 bd0163 相关的脚本进程...
2025-09-05 09:47:30 - BrowserControl - INFO - 🔍 搜索完成，找到 0 个相关进程
2025-09-05 09:47:30 - BrowserControl - INFO - ✅ 已继续 2 个进程 (5 个浏览器)
2025-09-05 09:47:30 - BrowserControl - INFO - ✅ 程序已继续
2025-09-05 09:47:47 - BrowserControl - INFO - 🖱️ 右键点击事件触发
2025-09-05 09:47:47 - BrowserControl - INFO - 识别到项目ID: I001
2025-09-05 09:47:47 - BrowserControl - INFO - 界面显示名称: '4'
2025-09-05 09:47:47 - BrowserControl - INFO - 找到浏览器数据，准备显示菜单
2025-09-05 09:47:47 - BrowserControl - INFO - 📋 开始创建右键菜单
2025-09-05 09:47:47 - BrowserControl - INFO - 📋 菜单创建完成，准备显示在位置: (1496, 867)
2025-09-05 09:47:57 - BrowserControl - INFO - 📋 右键菜单显示成功
2025-09-05 09:47:57 - BrowserControl - INFO - ▶️️ 正在继续浏览器 d1d0c6c1053e424197a884739ebd0163...
2025-09-05 09:47:57 - BrowserControl - INFO - 🔍 正在搜索浏览器 bd0163 相关的脚本进程...
2025-09-05 09:47:57 - BrowserControl - INFO - 🔍 搜索完成，找到 0 个相关进程
2025-09-05 09:47:57 - BrowserControl - INFO - [INFO] 浏览器 d1d0c6c1053e424197a884739ebd0163 本来就在正常运行
2025-09-05 09:47:58 - BrowserControl - INFO - 🖱️ 右键点击事件触发
2025-09-05 09:47:58 - BrowserControl - INFO - 识别到项目ID: I001
2025-09-05 09:47:58 - BrowserControl - INFO - 界面显示名称: '4'
2025-09-05 09:47:58 - BrowserControl - INFO - 找到浏览器数据，准备显示菜单
2025-09-05 09:47:58 - BrowserControl - INFO - 📋 开始创建右键菜单
2025-09-05 09:47:58 - BrowserControl - INFO - 📋 菜单创建完成，准备显示在位置: (1435, 861)
2025-09-05 09:48:01 - BrowserControl - INFO - 📋 右键菜单显示成功
2025-09-05 09:48:09 - BrowserControl - INFO - 🧹 清理无效暂停标志：浏览器 b1ec32 进程已结束
2025-09-05 09:48:18 - BrowserControl - INFO - 🖱️ 右键点击事件触发
2025-09-05 09:48:18 - BrowserControl - INFO - 识别到项目ID: I001
2025-09-05 09:48:18 - BrowserControl - INFO - 界面显示名称: '4'
2025-09-05 09:48:18 - BrowserControl - INFO - 找到浏览器数据，准备显示菜单
2025-09-05 09:48:18 - BrowserControl - INFO - 📋 开始创建右键菜单
2025-09-05 09:48:18 - BrowserControl - INFO - 📋 菜单创建完成，准备显示在位置: (1647, 833)
2025-09-05 09:48:22 - BrowserControl - INFO - 📋 右键菜单显示成功
2025-09-05 09:48:22 - BrowserControl - INFO - 正在获取详细信息: 4
2025-09-05 09:48:32 - BrowserControl - INFO - 🖱️ 右键点击事件触发
2025-09-05 09:48:32 - BrowserControl - INFO - 识别到项目ID: I004
2025-09-05 09:48:32 - BrowserControl - INFO - 界面显示名称: '18280804409'
2025-09-05 09:48:32 - BrowserControl - INFO - 找到浏览器数据，准备显示菜单
2025-09-05 09:48:32 - BrowserControl - INFO - 📋 开始创建右键菜单
2025-09-05 09:48:32 - BrowserControl - INFO - 📋 菜单创建完成，准备显示在位置: (1662, 889)
2025-09-05 09:48:35 - BrowserControl - INFO - 📋 右键菜单显示成功
2025-09-05 09:48:35 - BrowserControl - INFO - 正在获取详细信息: 18280804409
2025-09-05 09:48:44 - BrowserControl - INFO - 正在刷新浏览器列表...
2025-09-05 09:48:44 - BrowserControl - INFO - 获取浏览器列表成功: 5 个
2025-09-05 09:48:44 - BrowserControl - INFO - ✅ 刷新完成，共 5 个实例
2025-09-05 09:58:49 - BrowserControl - INFO - ⏸️️ 正在暂停所有采集脚本...
2025-09-05 09:58:49 - BrowserControl - INFO - 🔍 正在搜索浏览器 389db4 相关的脚本进程...
2025-09-05 09:58:49 - BrowserControl - INFO - 🔍 搜索完成，找到 0 个相关进程
2025-09-05 09:58:49 - BrowserControl - INFO - 🔍 正在搜索浏览器 b1ec32 相关的脚本进程...
2025-09-05 09:58:49 - BrowserControl - INFO -    ✅ 发现进程 PID 16276: 工作目录匹配
2025-09-05 09:58:49 - BrowserControl - INFO -    ✅ 发现进程 PID 22744: 工作目录匹配
2025-09-05 09:58:49 - BrowserControl - INFO - 🔍 搜索完成，找到 2 个相关进程
2025-09-05 09:58:49 - BrowserControl - INFO - 🔍 正在搜索浏览器 765a60 相关的脚本进程...
2025-09-05 09:58:49 - BrowserControl - INFO - 🔍 搜索完成，找到 0 个相关进程
2025-09-05 09:58:49 - BrowserControl - INFO - 🔍 正在搜索浏览器 b7f787 相关的脚本进程...
2025-09-05 09:58:49 - BrowserControl - INFO - 🔍 搜索完成，找到 0 个相关进程
2025-09-05 09:58:49 - BrowserControl - INFO - 🔍 正在搜索浏览器 bd0163 相关的脚本进程...
2025-09-05 09:58:49 - BrowserControl - INFO - 🔍 搜索完成，找到 0 个相关进程
2025-09-05 09:58:49 - BrowserControl - INFO - ✅ 已暂停 2 个进程 (5 个浏览器)
2025-09-05 09:58:49 - BrowserControl - INFO - ✅ 程序已暂停
2025-09-05 09:59:10 - BrowserControl - INFO - 🧹 清理无效暂停标志：浏览器 bd0163 进程已结束
2025-09-05 09:59:10 - BrowserControl - INFO - 🧹 清理无效暂停标志：浏览器 b7f787 进程已结束
2025-09-05 09:59:10 - BrowserControl - INFO - 🧹 清理无效暂停标志：浏览器 765a60 进程已结束
2025-09-05 09:59:10 - BrowserControl - INFO - 🧹 清理无效暂停标志：浏览器 b1ec32 进程正在运行
2025-09-05 09:59:10 - BrowserControl - INFO - 🧹 清理无效暂停标志：浏览器 389db4 进程已结束
2025-09-05 10:16:37 - BrowserControl - INFO - ▶️️ 正在继续所有采集脚本...
2025-09-05 10:16:37 - BrowserControl - INFO - 🔍 正在搜索浏览器 389db4 相关的脚本进程...
2025-09-05 10:16:37 - BrowserControl - INFO - 🔍 搜索完成，找到 0 个相关进程
2025-09-05 10:16:37 - BrowserControl - INFO - 🔍 正在搜索浏览器 b1ec32 相关的脚本进程...
2025-09-05 10:16:37 - BrowserControl - INFO -    ✅ 发现进程 PID 16276: 工作目录匹配
2025-09-05 10:16:37 - BrowserControl - INFO -    ✅ 发现进程 PID 22744: 工作目录匹配
2025-09-05 10:16:37 - BrowserControl - INFO - 🔍 搜索完成，找到 2 个相关进程
2025-09-05 10:16:37 - BrowserControl - INFO - ✅ 恢复浏览器 b1ec32 进程 PID: 16276
2025-09-05 10:16:37 - BrowserControl - INFO - ✅ 恢复浏览器 b1ec32 进程 PID: 22744
2025-09-05 10:16:37 - BrowserControl - INFO - 🔍 正在搜索浏览器 765a60 相关的脚本进程...
2025-09-05 10:16:37 - BrowserControl - INFO - 🔍 搜索完成，找到 0 个相关进程
2025-09-05 10:16:37 - BrowserControl - INFO - 🔍 正在搜索浏览器 b7f787 相关的脚本进程...
2025-09-05 10:16:37 - BrowserControl - INFO - 🔍 搜索完成，找到 0 个相关进程
2025-09-05 10:16:37 - BrowserControl - INFO - 🔍 正在搜索浏览器 bd0163 相关的脚本进程...
2025-09-05 10:16:37 - BrowserControl - INFO - 🔍 搜索完成，找到 0 个相关进程
2025-09-05 10:16:37 - BrowserControl - INFO - ✅ 已继续 2 个进程 (5 个浏览器)
2025-09-05 10:16:37 - BrowserControl - INFO - ✅ 程序已继续
2025-09-05 10:32:51 - BrowserControl - INFO - ⏸️️ 正在暂停所有采集脚本...
2025-09-05 10:32:51 - BrowserControl - INFO - 🔍 正在搜索浏览器 389db4 相关的脚本进程...
2025-09-05 10:32:51 - BrowserControl - INFO - 🔍 搜索完成，找到 0 个相关进程
2025-09-05 10:32:51 - BrowserControl - INFO - 🔍 正在搜索浏览器 b1ec32 相关的脚本进程...
2025-09-05 10:32:51 - BrowserControl - INFO -    ✅ 发现进程 PID 16276: 工作目录匹配
2025-09-05 10:32:51 - BrowserControl - INFO -    ✅ 发现进程 PID 22744: 工作目录匹配
2025-09-05 10:32:51 - BrowserControl - INFO - 🔍 搜索完成，找到 2 个相关进程
2025-09-05 10:32:51 - BrowserControl - INFO - 🔍 正在搜索浏览器 765a60 相关的脚本进程...
2025-09-05 10:32:51 - BrowserControl - INFO - 🔍 搜索完成，找到 0 个相关进程
2025-09-05 10:32:51 - BrowserControl - INFO - 🔍 正在搜索浏览器 b7f787 相关的脚本进程...
2025-09-05 10:32:51 - BrowserControl - INFO - 🔍 搜索完成，找到 0 个相关进程
2025-09-05 10:32:51 - BrowserControl - INFO - 🔍 正在搜索浏览器 bd0163 相关的脚本进程...
2025-09-05 10:32:51 - BrowserControl - INFO - 🔍 搜索完成，找到 0 个相关进程
2025-09-05 10:32:51 - BrowserControl - INFO - ✅ 已暂停 2 个进程 (5 个浏览器)
2025-09-05 10:32:51 - BrowserControl - INFO - ✅ 程序已暂停
2025-09-05 10:33:10 - BrowserControl - INFO - 🧹 清理无效暂停标志：浏览器 bd0163 进程已结束
2025-09-05 10:33:10 - BrowserControl - INFO - 🧹 清理无效暂停标志：浏览器 b7f787 进程已结束
2025-09-05 10:33:10 - BrowserControl - INFO - 🧹 清理无效暂停标志：浏览器 765a60 进程已结束
2025-09-05 10:33:10 - BrowserControl - INFO - 🧹 清理无效暂停标志：浏览器 b1ec32 进程正在运行
2025-09-05 10:33:10 - BrowserControl - INFO - 🧹 清理无效暂停标志：浏览器 389db4 进程已结束
